Sentence #1 (24 tokens):
I believe that abolition is a right, nay, abolition is a duty of men and of all of men's children.
[Text=I Lemma=I NamedEntityTag=O] [Text=believe Lemma=believe NamedEntityTag=O] [Text=that Lemma=that NamedEntityTag=O] [Text=abolition Lemma=abolition NamedEntityTag=O] [Text=is Lemma=be NamedEntityTag=O] [Text=a Lemma=a NamedEntityTag=O] [Text=right Lemma=right NamedEntityTag=O] [Text=, Lemma=, NamedEntityTag=O] [Text=nay Lemma=nay NamedEntityTag=O] [Text=, Lemma=, NamedEntityTag=O] [Text=abolition Lemma=abolition NamedEntityTag=O] [Text=is Lemma=be NamedEntityTag=O] [Text=a Lemma=a NamedEntityTag=O] [Text=duty Lemma=duty NamedEntityTag=O] [Text=of Lemma=of NamedEntityTag=O] [Text=men Lemma=man NamedEntityTag=O] [Text=and Lemma=and NamedEntityTag=O] [Text=of Lemma=of NamedEntityTag=O] [Text=all Lemma=all NamedEntityTag=O] [Text=of Lemma=of NamedEntityTag=O] [Text=men Lemma=man NamedEntityTag=O] [Text='s Lemma='s NamedEntityTag=O] [Text=children Lemma=child NamedEntityTag=O] [Text=. Lemma=. NamedEntityTag=O] 
Sentence #2 (20 tokens):
If with deny our brothers abolition, we are no better than the savages we claim them to be.
[Text=If Lemma=if NamedEntityTag=O] [Text=with Lemma=with NamedEntityTag=O] [Text=deny Lemma=deny NamedEntityTag=O] [Text=our Lemma=we NamedEntityTag=O] [Text=brothers Lemma=brother NamedEntityTag=O] [Text=abolition Lemma=abolition NamedEntityTag=O] [Text=, Lemma=, NamedEntityTag=O] [Text=we Lemma=we NamedEntityTag=O] [Text=are Lemma=be NamedEntityTag=O] [Text=no Lemma=no NamedEntityTag=O] [Text=better Lemma=better NamedEntityTag=O] [Text=than Lemma=than NamedEntityTag=O] [Text=the Lemma=the NamedEntityTag=O] [Text=savages Lemma=savage NamedEntityTag=O] [Text=we Lemma=we NamedEntityTag=O] [Text=claim Lemma=claim NamedEntityTag=O] [Text=them Lemma=they NamedEntityTag=O] [Text=to Lemma=to NamedEntityTag=O] [Text=be Lemma=be NamedEntityTag=O] [Text=. Lemma=. NamedEntityTag=O] 
Sentence #3 (10 tokens):
We reveal ourselves the monsters that we really are.
[Text=We Lemma=we NamedEntityTag=O] [Text=reveal Lemma=reveal NamedEntityTag=O] [Text=ourselves Lemma=ourselves NamedEntityTag=O] [Text=the Lemma=the NamedEntityTag=O] [Text=monsters Lemma=monster NamedEntityTag=O] [Text=that Lemma=that NamedEntityTag=O] [Text=we Lemma=we NamedEntityTag=O] [Text=really Lemma=really NamedEntityTag=O] [Text=are Lemma=be NamedEntityTag=O] [Text=. Lemma=. NamedEntityTag=O] 
Sentence #4 (5 tokens):
Abolition is already late.
[Text=Abolition Lemma=abolition NamedEntityTag=O] [Text=is Lemma=be NamedEntityTag=O] [Text=already Lemma=already NamedEntityTag=O] [Text=late Lemma=late NamedEntityTag=O] [Text=. Lemma=. NamedEntityTag=O] 
Sentence #5 (10 tokens):
Abolition is coming whether you like it or not.
[Text=Abolition Lemma=abolition NamedEntityTag=O] [Text=is Lemma=be NamedEntityTag=O] [Text=coming Lemma=come NamedEntityTag=O] [Text=whether Lemma=whether NamedEntityTag=O] [Text=you Lemma=you NamedEntityTag=O] [Text=like Lemma=like NamedEntityTag=O] [Text=it Lemma=it NamedEntityTag=O] [Text=or Lemma=or NamedEntityTag=O] [Text=not Lemma=not NamedEntityTag=O] [Text=. Lemma=. NamedEntityTag=O] 
Sentence #6 (25 tokens):
Abolition will not be hold back, abolition will not be stopped, abolition is the only way a truly free society can follow.
[Text=Abolition Lemma=abolition NamedEntityTag=O] [Text=will Lemma=will NamedEntityTag=O] [Text=not Lemma=not NamedEntityTag=O] [Text=be Lemma=be NamedEntityTag=O] [Text=hold Lemma=hold NamedEntityTag=O] [Text=back Lemma=back NamedEntityTag=O] [Text=, Lemma=, NamedEntityTag=O] [Text=abolition Lemma=abolition NamedEntityTag=O] [Text=will Lemma=will NamedEntityTag=O] [Text=not Lemma=not NamedEntityTag=O] [Text=be Lemma=be NamedEntityTag=O] [Text=stopped Lemma=stop NamedEntityTag=O] [Text=, Lemma=, NamedEntityTag=O] [Text=abolition Lemma=abolition NamedEntityTag=O] [Text=is Lemma=be NamedEntityTag=O] [Text=the Lemma=the NamedEntityTag=O] [Text=only Lemma=only NamedEntityTag=O] [Text=way Lemma=way NamedEntityTag=O] [Text=a Lemma=a NamedEntityTag=O] [Text=truly Lemma=truly NamedEntityTag=O] [Text=free Lemma=free NamedEntityTag=O] [Text=society Lemma=society NamedEntityTag=O] [Text=can Lemma=can NamedEntityTag=O] [Text=follow Lemma=follow NamedEntityTag=O] [Text=. Lemma=. NamedEntityTag=O] 
Sentence #7 (10 tokens):
If there any slaves, there are only slaves.
[Text=If Lemma=if NamedEntityTag=O] [Text=there Lemma=there NamedEntityTag=O] [Text=any Lemma=any NamedEntityTag=O] [Text=slaves Lemma=slave NamedEntityTag=O] [Text=, Lemma=, NamedEntityTag=O] [Text=there Lemma=there NamedEntityTag=O] [Text=are Lemma=be NamedEntityTag=O] [Text=only Lemma=only NamedEntityTag=O] [Text=slaves Lemma=slave NamedEntityTag=O] [Text=. Lemma=. NamedEntityTag=O] 
